[2025-07-30 05:06:44Z INFO HostContext] No proxy settings were found based on environmental variables (http_proxy/https_proxy/HTTP_PROXY/HTTPS_PROXY)
[2025-07-30 05:06:44Z INFO HostContext] Well known directory 'Bin': 'C:\Users\phadn\OneDrive\Desktop\node_js\devops_practise\node_aws_deploy\actions-runner\bin'
[2025-07-30 05:06:44Z INFO HostContext] Well known directory 'Root': 'C:\Users\phadn\OneDrive\Desktop\node_js\devops_practise\node_aws_deploy\actions-runner'
[2025-07-30 05:06:44Z INFO HostContext] Well known config file 'Credentials': 'C:\Users\phadn\OneDrive\Desktop\node_js\devops_practise\node_aws_deploy\actions-runner\.credentials'
[2025-07-30 05:06:44Z INFO HostContext] Well known directory 'Bin': 'C:\Users\phadn\OneDrive\Desktop\node_js\devops_practise\node_aws_deploy\actions-runner\bin'
[2025-07-30 05:06:44Z INFO HostContext] Well known directory 'Root': 'C:\Users\phadn\OneDrive\Desktop\node_js\devops_practise\node_aws_deploy\actions-runner'
[2025-07-30 05:06:44Z INFO HostContext] Well known config file 'Runner': 'C:\Users\phadn\OneDrive\Desktop\node_js\devops_practise\node_aws_deploy\actions-runner\.runner'
[2025-07-30 05:06:44Z INFO Listener] Runner is built for Windows (X64) - win-x64.
[2025-07-30 05:06:44Z INFO Listener] RuntimeInformation: Microsoft Windows 10.0.26100.
[2025-07-30 05:06:44Z INFO Listener] Version: 2.326.0
[2025-07-30 05:06:44Z INFO Listener] Commit: de0233c4d64676d8ebd16074221ae1e0e0bf2a13
[2025-07-30 05:06:44Z INFO Listener] Culture: en-IN
[2025-07-30 05:06:44Z INFO Listener] UI Culture: en-US
[2025-07-30 05:06:44Z INFO HostContext] Well known directory 'Bin': 'C:\Users\phadn\OneDrive\Desktop\node_js\devops_practise\node_aws_deploy\actions-runner\bin'
[2025-07-30 05:06:44Z INFO HostContext] Well known directory 'Root': 'C:\Users\phadn\OneDrive\Desktop\node_js\devops_practise\node_aws_deploy\actions-runner'
[2025-07-30 05:06:44Z INFO Listener] Validating directory permissions for: 'C:\Users\phadn\OneDrive\Desktop\node_js\devops_practise\node_aws_deploy\actions-runner'
[2025-07-30 05:06:44Z INFO CommandLineParser] Parse
[2025-07-30 05:06:44Z INFO CommandLineParser] Parsing 1 args
[2025-07-30 05:06:44Z INFO CommandLineParser] parsing argument
[2025-07-30 05:06:44Z INFO CommandLineParser] HasArgs: False
[2025-07-30 05:06:44Z INFO CommandLineParser] Adding Command: remove
[2025-07-30 05:06:44Z INFO Listener] Arguments parsed
[2025-07-30 05:06:44Z INFO Runner] ExecuteCommand
[2025-07-30 05:06:44Z INFO ConfigurationStore] currentAssemblyLocation: C:\Users\phadn\OneDrive\Desktop\node_js\devops_practise\node_aws_deploy\actions-runner\bin\Runner.Listener.dll
[2025-07-30 05:06:44Z INFO HostContext] Well known directory 'Bin': 'C:\Users\phadn\OneDrive\Desktop\node_js\devops_practise\node_aws_deploy\actions-runner\bin'
[2025-07-30 05:06:44Z INFO ConfigurationStore] binPath: C:\Users\phadn\OneDrive\Desktop\node_js\devops_practise\node_aws_deploy\actions-runner\bin
[2025-07-30 05:06:44Z INFO HostContext] Well known directory 'Bin': 'C:\Users\phadn\OneDrive\Desktop\node_js\devops_practise\node_aws_deploy\actions-runner\bin'
[2025-07-30 05:06:44Z INFO HostContext] Well known directory 'Root': 'C:\Users\phadn\OneDrive\Desktop\node_js\devops_practise\node_aws_deploy\actions-runner'
[2025-07-30 05:06:44Z INFO ConfigurationStore] RootFolder: C:\Users\phadn\OneDrive\Desktop\node_js\devops_practise\node_aws_deploy\actions-runner
[2025-07-30 05:06:44Z INFO HostContext] Well known directory 'Bin': 'C:\Users\phadn\OneDrive\Desktop\node_js\devops_practise\node_aws_deploy\actions-runner\bin'
[2025-07-30 05:06:44Z INFO HostContext] Well known directory 'Root': 'C:\Users\phadn\OneDrive\Desktop\node_js\devops_practise\node_aws_deploy\actions-runner'
[2025-07-30 05:06:44Z INFO HostContext] Well known config file 'Runner': 'C:\Users\phadn\OneDrive\Desktop\node_js\devops_practise\node_aws_deploy\actions-runner\.runner'
[2025-07-30 05:06:44Z INFO ConfigurationStore] ConfigFilePath: C:\Users\phadn\OneDrive\Desktop\node_js\devops_practise\node_aws_deploy\actions-runner\.runner
[2025-07-30 05:06:44Z INFO HostContext] Well known directory 'Bin': 'C:\Users\phadn\OneDrive\Desktop\node_js\devops_practise\node_aws_deploy\actions-runner\bin'
[2025-07-30 05:06:44Z INFO HostContext] Well known directory 'Root': 'C:\Users\phadn\OneDrive\Desktop\node_js\devops_practise\node_aws_deploy\actions-runner'
[2025-07-30 05:06:44Z INFO HostContext] Well known config file 'MigratedRunner': 'C:\Users\phadn\OneDrive\Desktop\node_js\devops_practise\node_aws_deploy\actions-runner\.runner_migrated'
[2025-07-30 05:06:44Z INFO ConfigurationStore] MigratedConfigFilePath: C:\Users\phadn\OneDrive\Desktop\node_js\devops_practise\node_aws_deploy\actions-runner\.runner_migrated
[2025-07-30 05:06:44Z INFO HostContext] Well known directory 'Bin': 'C:\Users\phadn\OneDrive\Desktop\node_js\devops_practise\node_aws_deploy\actions-runner\bin'
[2025-07-30 05:06:44Z INFO HostContext] Well known directory 'Root': 'C:\Users\phadn\OneDrive\Desktop\node_js\devops_practise\node_aws_deploy\actions-runner'
[2025-07-30 05:06:44Z INFO HostContext] Well known config file 'Credentials': 'C:\Users\phadn\OneDrive\Desktop\node_js\devops_practise\node_aws_deploy\actions-runner\.credentials'
[2025-07-30 05:06:44Z INFO ConfigurationStore] CredFilePath: C:\Users\phadn\OneDrive\Desktop\node_js\devops_practise\node_aws_deploy\actions-runner\.credentials
[2025-07-30 05:06:44Z INFO HostContext] Well known directory 'Bin': 'C:\Users\phadn\OneDrive\Desktop\node_js\devops_practise\node_aws_deploy\actions-runner\bin'
[2025-07-30 05:06:44Z INFO HostContext] Well known directory 'Root': 'C:\Users\phadn\OneDrive\Desktop\node_js\devops_practise\node_aws_deploy\actions-runner'
[2025-07-30 05:06:44Z INFO HostContext] Well known config file 'MigratedCredentials': 'C:\Users\phadn\OneDrive\Desktop\node_js\devops_practise\node_aws_deploy\actions-runner\.credentials_migrated'
[2025-07-30 05:06:44Z INFO ConfigurationStore] MigratedCredFilePath: C:\Users\phadn\OneDrive\Desktop\node_js\devops_practise\node_aws_deploy\actions-runner\.credentials_migrated
[2025-07-30 05:06:44Z INFO HostContext] Well known directory 'Bin': 'C:\Users\phadn\OneDrive\Desktop\node_js\devops_practise\node_aws_deploy\actions-runner\bin'
[2025-07-30 05:06:44Z INFO HostContext] Well known directory 'Root': 'C:\Users\phadn\OneDrive\Desktop\node_js\devops_practise\node_aws_deploy\actions-runner'
[2025-07-30 05:06:44Z INFO HostContext] Well known config file 'Service': 'C:\Users\phadn\OneDrive\Desktop\node_js\devops_practise\node_aws_deploy\actions-runner\.service'
[2025-07-30 05:06:44Z INFO ConfigurationStore] ServiceConfigFilePath: C:\Users\phadn\OneDrive\Desktop\node_js\devops_practise\node_aws_deploy\actions-runner\.service
[2025-07-30 05:06:44Z INFO CommandSettings] Flag 'help': 'False'
[2025-07-30 05:06:44Z INFO CommandSettings] Flag 'version': 'False'
[2025-07-30 05:06:44Z INFO CommandSettings] Flag 'commit': 'False'
[2025-07-30 05:06:44Z INFO CommandSettings] Flag 'check': 'False'
[2025-07-30 05:06:44Z INFO CommandSettings] Command 'configure': 'False'
[2025-07-30 05:06:44Z INFO CommandSettings] Command 'remove': 'True'
[2025-07-30 05:06:44Z INFO CommandSettings] Flag 'local': 'False'
[2025-07-30 05:06:44Z INFO ConfigurationStore] IsServiceConfigured()
[2025-07-30 05:06:44Z INFO ConfigurationStore] IsServiceConfigured: False
[2025-07-30 05:06:44Z INFO ConfigurationStore] IsConfigured()
[2025-07-30 05:06:44Z INFO ConfigurationStore] IsConfigured: True
[2025-07-30 05:06:44Z INFO ConfigurationStore] HasCredentials()
[2025-07-30 05:06:44Z INFO ConfigurationStore] stored True
[2025-07-30 05:06:44Z INFO ConfigurationStore] Read setting file: 396 chars
[2025-07-30 05:06:44Z INFO CommandSettings] Arg 'token': ''
[2025-07-30 05:06:44Z INFO CommandSettings] Flag 'unattended': 'False'
[2025-07-30 05:06:44Z INFO PromptManager] ReadValue
[2025-07-30 05:06:44Z INFO Terminal] WRITE: Enter runner remove token: 
[2025-07-30 05:06:44Z INFO Terminal] READ SECRET
[2025-07-30 05:06:47Z INFO Terminal] Read value: ''
[2025-07-30 05:06:47Z INFO Terminal] WRITE: Enter runner remove token: 
[2025-07-30 05:06:47Z INFO Terminal] READ SECRET
[2025-07-30 05:06:48Z INFO Terminal] Read value: ''
[2025-07-30 05:06:48Z INFO Terminal] WRITE: Enter runner remove token: 
[2025-07-30 05:06:48Z INFO Terminal] READ SECRET
[2025-07-30 05:06:52Z INFO Terminal] Read value: '***'
[2025-07-30 05:06:52Z ERR  Terminal] WRITE ERROR: Http response code: NotFound from 'POST https://api.github.com/actions/runner-registration' (Request Id: CB32:379DB5:25774F:33B538:6889A86C)
[2025-07-30 05:06:52Z ERR  Terminal] WRITE ERROR: {"message":"Not Found","documentation_url":"https://docs.github.com/rest","status":"404"}
[2025-07-30 05:06:52Z ERR  Terminal] WRITE ERROR: Failed: Removing runner from the server
[2025-07-30 05:06:52Z ERR  Runner] System.Net.Http.HttpRequestException: Response status code does not indicate success: 404 (Not Found).
   at System.Net.Http.HttpResponseMessage.EnsureSuccessStatusCode()
   at GitHub.Runner.Listener.Configuration.ConfigurationManager.GetTenantCredential(String githubUrl, String githubToken, String runnerEvent)
   at GitHub.Runner.Listener.Configuration.ConfigurationManager.UnconfigureAsync(CommandSettings command)
   at GitHub.Runner.Listener.Runner.ExecuteCommand(CommandSettings command)
[2025-07-30 05:06:52Z ERR  Terminal] WRITE ERROR: Response status code does not indicate success: 404 (Not Found).
[2025-07-30 05:06:52Z INFO Listener] Runner execution has finished with return code 1
