[2025-07-30 05:22:22Z INFO HostContext] No proxy settings were found based on environmental variables (http_proxy/https_proxy/HTTP_PROXY/HTTPS_PROXY)
[2025-07-30 05:22:22Z INFO HostContext] Well known directory 'Bin': 'C:\Users\phadn\OneDrive\Desktop\node_js\devops_practise\node_aws_deploy\actions-runner\bin'
[2025-07-30 05:22:22Z INFO HostContext] Well known directory 'Root': 'C:\Users\phadn\OneDrive\Desktop\node_js\devops_practise\node_aws_deploy\actions-runner'
[2025-07-30 05:22:22Z INFO HostContext] Well known config file 'Credentials': 'C:\Users\phadn\OneDrive\Desktop\node_js\devops_practise\node_aws_deploy\actions-runner\.credentials'
[2025-07-30 05:22:22Z INFO HostContext] Well known directory 'Bin': 'C:\Users\phadn\OneDrive\Desktop\node_js\devops_practise\node_aws_deploy\actions-runner\bin'
[2025-07-30 05:22:22Z INFO HostContext] Well known directory 'Root': 'C:\Users\phadn\OneDrive\Desktop\node_js\devops_practise\node_aws_deploy\actions-runner'
[2025-07-30 05:22:22Z INFO HostContext] Well known config file 'Runner': 'C:\Users\phadn\OneDrive\Desktop\node_js\devops_practise\node_aws_deploy\actions-runner\.runner'
[2025-07-30 05:22:22Z INFO Listener] Runner is built for Windows (X64) - win-x64.
[2025-07-30 05:22:22Z INFO Listener] RuntimeInformation: Microsoft Windows 10.0.26100.
[2025-07-30 05:22:22Z INFO Listener] Version: 2.326.0
[2025-07-30 05:22:22Z INFO Listener] Commit: de0233c4d64676d8ebd16074221ae1e0e0bf2a13
[2025-07-30 05:22:22Z INFO Listener] Culture: en-IN
[2025-07-30 05:22:22Z INFO Listener] UI Culture: en-US
[2025-07-30 05:22:22Z INFO HostContext] Well known directory 'Bin': 'C:\Users\phadn\OneDrive\Desktop\node_js\devops_practise\node_aws_deploy\actions-runner\bin'
[2025-07-30 05:22:22Z INFO HostContext] Well known directory 'Root': 'C:\Users\phadn\OneDrive\Desktop\node_js\devops_practise\node_aws_deploy\actions-runner'
[2025-07-30 05:22:22Z INFO Listener] Validating directory permissions for: 'C:\Users\phadn\OneDrive\Desktop\node_js\devops_practise\node_aws_deploy\actions-runner'
[2025-07-30 05:22:22Z INFO CommandLineParser] Parse
[2025-07-30 05:22:22Z INFO CommandLineParser] Parsing 5 args
[2025-07-30 05:22:22Z INFO CommandLineParser] parsing argument
[2025-07-30 05:22:22Z INFO CommandLineParser] HasArgs: False
[2025-07-30 05:22:22Z INFO CommandLineParser] Adding Command: configure
[2025-07-30 05:22:22Z INFO CommandLineParser] parsing argument
[2025-07-30 05:22:22Z INFO CommandLineParser] HasArgs: True
[2025-07-30 05:22:22Z INFO CommandLineParser] arg: url
[2025-07-30 05:22:22Z INFO CommandLineParser] parsing argument
[2025-07-30 05:22:22Z INFO CommandLineParser] HasArgs: True
[2025-07-30 05:22:22Z INFO CommandLineParser] Adding option 'url': 'https://github.com/phadnisanand/devops_practise'
[2025-07-30 05:22:22Z INFO CommandLineParser] parsing argument
[2025-07-30 05:22:22Z INFO CommandLineParser] HasArgs: True
[2025-07-30 05:22:22Z INFO CommandLineParser] arg: token
[2025-07-30 05:22:22Z INFO CommandLineParser] parsing argument
[2025-07-30 05:22:22Z INFO CommandLineParser] HasArgs: True
[2025-07-30 05:22:22Z INFO CommandLineParser] Adding option 'token': '***'
[2025-07-30 05:22:22Z INFO Listener] Arguments parsed
[2025-07-30 05:22:22Z INFO Runner] ExecuteCommand
[2025-07-30 05:22:22Z INFO ConfigurationStore] currentAssemblyLocation: C:\Users\phadn\OneDrive\Desktop\node_js\devops_practise\node_aws_deploy\actions-runner\bin\Runner.Listener.dll
[2025-07-30 05:22:22Z INFO HostContext] Well known directory 'Bin': 'C:\Users\phadn\OneDrive\Desktop\node_js\devops_practise\node_aws_deploy\actions-runner\bin'
[2025-07-30 05:22:22Z INFO ConfigurationStore] binPath: C:\Users\phadn\OneDrive\Desktop\node_js\devops_practise\node_aws_deploy\actions-runner\bin
[2025-07-30 05:22:22Z INFO HostContext] Well known directory 'Bin': 'C:\Users\phadn\OneDrive\Desktop\node_js\devops_practise\node_aws_deploy\actions-runner\bin'
[2025-07-30 05:22:22Z INFO HostContext] Well known directory 'Root': 'C:\Users\phadn\OneDrive\Desktop\node_js\devops_practise\node_aws_deploy\actions-runner'
[2025-07-30 05:22:22Z INFO ConfigurationStore] RootFolder: C:\Users\phadn\OneDrive\Desktop\node_js\devops_practise\node_aws_deploy\actions-runner
[2025-07-30 05:22:22Z INFO HostContext] Well known directory 'Bin': 'C:\Users\phadn\OneDrive\Desktop\node_js\devops_practise\node_aws_deploy\actions-runner\bin'
[2025-07-30 05:22:22Z INFO HostContext] Well known directory 'Root': 'C:\Users\phadn\OneDrive\Desktop\node_js\devops_practise\node_aws_deploy\actions-runner'
[2025-07-30 05:22:22Z INFO HostContext] Well known config file 'Runner': 'C:\Users\phadn\OneDrive\Desktop\node_js\devops_practise\node_aws_deploy\actions-runner\.runner'
[2025-07-30 05:22:22Z INFO ConfigurationStore] ConfigFilePath: C:\Users\phadn\OneDrive\Desktop\node_js\devops_practise\node_aws_deploy\actions-runner\.runner
[2025-07-30 05:22:22Z INFO HostContext] Well known directory 'Bin': 'C:\Users\phadn\OneDrive\Desktop\node_js\devops_practise\node_aws_deploy\actions-runner\bin'
[2025-07-30 05:22:22Z INFO HostContext] Well known directory 'Root': 'C:\Users\phadn\OneDrive\Desktop\node_js\devops_practise\node_aws_deploy\actions-runner'
[2025-07-30 05:22:22Z INFO HostContext] Well known config file 'MigratedRunner': 'C:\Users\phadn\OneDrive\Desktop\node_js\devops_practise\node_aws_deploy\actions-runner\.runner_migrated'
[2025-07-30 05:22:22Z INFO ConfigurationStore] MigratedConfigFilePath: C:\Users\phadn\OneDrive\Desktop\node_js\devops_practise\node_aws_deploy\actions-runner\.runner_migrated
[2025-07-30 05:22:22Z INFO HostContext] Well known directory 'Bin': 'C:\Users\phadn\OneDrive\Desktop\node_js\devops_practise\node_aws_deploy\actions-runner\bin'
[2025-07-30 05:22:22Z INFO HostContext] Well known directory 'Root': 'C:\Users\phadn\OneDrive\Desktop\node_js\devops_practise\node_aws_deploy\actions-runner'
[2025-07-30 05:22:22Z INFO HostContext] Well known config file 'Credentials': 'C:\Users\phadn\OneDrive\Desktop\node_js\devops_practise\node_aws_deploy\actions-runner\.credentials'
[2025-07-30 05:22:22Z INFO ConfigurationStore] CredFilePath: C:\Users\phadn\OneDrive\Desktop\node_js\devops_practise\node_aws_deploy\actions-runner\.credentials
[2025-07-30 05:22:22Z INFO HostContext] Well known directory 'Bin': 'C:\Users\phadn\OneDrive\Desktop\node_js\devops_practise\node_aws_deploy\actions-runner\bin'
[2025-07-30 05:22:22Z INFO HostContext] Well known directory 'Root': 'C:\Users\phadn\OneDrive\Desktop\node_js\devops_practise\node_aws_deploy\actions-runner'
[2025-07-30 05:22:22Z INFO HostContext] Well known config file 'MigratedCredentials': 'C:\Users\phadn\OneDrive\Desktop\node_js\devops_practise\node_aws_deploy\actions-runner\.credentials_migrated'
[2025-07-30 05:22:22Z INFO ConfigurationStore] MigratedCredFilePath: C:\Users\phadn\OneDrive\Desktop\node_js\devops_practise\node_aws_deploy\actions-runner\.credentials_migrated
[2025-07-30 05:22:22Z INFO HostContext] Well known directory 'Bin': 'C:\Users\phadn\OneDrive\Desktop\node_js\devops_practise\node_aws_deploy\actions-runner\bin'
[2025-07-30 05:22:22Z INFO HostContext] Well known directory 'Root': 'C:\Users\phadn\OneDrive\Desktop\node_js\devops_practise\node_aws_deploy\actions-runner'
[2025-07-30 05:22:22Z INFO HostContext] Well known config file 'Service': 'C:\Users\phadn\OneDrive\Desktop\node_js\devops_practise\node_aws_deploy\actions-runner\.service'
[2025-07-30 05:22:22Z INFO ConfigurationStore] ServiceConfigFilePath: C:\Users\phadn\OneDrive\Desktop\node_js\devops_practise\node_aws_deploy\actions-runner\.service
[2025-07-30 05:22:22Z INFO CommandSettings] Flag 'help': 'False'
[2025-07-30 05:22:22Z INFO CommandSettings] Flag 'version': 'False'
[2025-07-30 05:22:22Z INFO CommandSettings] Flag 'commit': 'False'
[2025-07-30 05:22:22Z INFO CommandSettings] Flag 'check': 'False'
[2025-07-30 05:22:22Z INFO CommandSettings] Command 'configure': 'True'
[2025-07-30 05:22:22Z INFO Terminal] WRITE LINE: 
[2025-07-30 05:22:22Z INFO Terminal] WRITE LINE: --------------------------------------------------------------------------------
[2025-07-30 05:22:22Z INFO Terminal] WRITE LINE: |        ____ _ _   _   _       _          _        _   _                      |
[2025-07-30 05:22:22Z INFO Terminal] WRITE LINE: |       / ___(_) |_| | | |_   _| |__      / \   ___| |_(_) ___  _ __  ___      |
[2025-07-30 05:22:22Z INFO Terminal] WRITE LINE: |      | |  _| | __| |_| | | | | '_ \    / _ \ / __| __| |/ _ \| '_ \/ __|     |
[2025-07-30 05:22:22Z INFO Terminal] WRITE LINE: |      | |_| | | |_|  _  | |_| | |_) |  / ___ \ (__| |_| | (_) | | | \__ \     |
[2025-07-30 05:22:22Z INFO Terminal] WRITE LINE: |       \____|_|\__|_| |_|\__,_|_.__/  /_/   \_\___|\__|_|\___/|_| |_|___/     |
[2025-07-30 05:22:22Z INFO Terminal] WRITE LINE: |                                                                              |
[2025-07-30 05:22:22Z INFO Terminal] WRITE: |                       
[2025-07-30 05:22:22Z INFO Terminal] WRITE: Self-hosted runner registration
[2025-07-30 05:22:22Z INFO Terminal] WRITE LINE:                         |
[2025-07-30 05:22:22Z INFO Terminal] WRITE LINE: |                                                                              |
[2025-07-30 05:22:22Z INFO Terminal] WRITE LINE: --------------------------------------------------------------------------------
[2025-07-30 05:22:22Z INFO ConfigurationManager] ConfigureAsync
[2025-07-30 05:22:22Z INFO CommandSettings] Flag 'generateServiceConfig': 'False'
[2025-07-30 05:22:22Z INFO ConfigurationStore] IsConfigured()
[2025-07-30 05:22:22Z INFO ConfigurationStore] IsConfigured: False
[2025-07-30 05:22:22Z INFO ConfigurationManager] Is configured: False
[2025-07-30 05:22:22Z INFO CommandSettings] Arg 'url': 'https://github.com/phadnisanand/devops_practise'
[2025-07-30 05:22:22Z INFO CommandSettings] Remove url from Arg dictionary.
[2025-07-30 05:22:22Z INFO CommandSettings] Arg 'token': '***'
[2025-07-30 05:22:22Z INFO CommandSettings] Remove token from Arg dictionary.
[2025-07-30 05:22:23Z INFO ConfigurationManager] Http response code: OK from 'POST https://api.github.com/actions/runner-registration' (C497:3BC1F4:F83B8D:12B8E50:6889AC0E)
[2025-07-30 05:22:23Z INFO ConfigurationManager] Using V2 flow: False
[2025-07-30 05:22:23Z INFO ConfigurationManager] cred retrieved via GitHub auth
[2025-07-30 05:22:23Z INFO RunnerServer] EstablishVssConnection
[2025-07-30 05:22:23Z INFO RunnerServer] Establish connection with 100 seconds timeout.
[2025-07-30 05:22:23Z INFO GitHubActionsService] Starting operation Location.GetConnectionData
[2025-07-30 05:22:23Z INFO RunnerServer] EstablishVssConnection
[2025-07-30 05:22:23Z INFO RunnerServer] Establish connection with 60 seconds timeout.
[2025-07-30 05:22:23Z INFO GitHubActionsService] Starting operation Location.GetConnectionData
[2025-07-30 05:22:23Z INFO RunnerServer] EstablishVssConnection
[2025-07-30 05:22:23Z INFO RunnerServer] Establish connection with 60 seconds timeout.
[2025-07-30 05:22:23Z INFO GitHubActionsService] Starting operation Location.GetConnectionData
[2025-07-30 05:22:24Z INFO GitHubActionsService] Finished operation Location.GetConnectionData
[2025-07-30 05:22:24Z INFO GitHubActionsService] Finished operation Location.GetConnectionData
[2025-07-30 05:22:24Z INFO GitHubActionsService] Finished operation Location.GetConnectionData
[2025-07-30 05:22:24Z INFO Terminal] WRITE LINE: 
[2025-07-30 05:22:24Z INFO ConfigurationManager] Test Connection complete.
[2025-07-30 05:22:24Z INFO HostContext] Well known directory 'Bin': 'C:\Users\phadn\OneDrive\Desktop\node_js\devops_practise\node_aws_deploy\actions-runner\bin'
[2025-07-30 05:22:24Z INFO HostContext] Well known directory 'Root': 'C:\Users\phadn\OneDrive\Desktop\node_js\devops_practise\node_aws_deploy\actions-runner'
[2025-07-30 05:22:24Z INFO HostContext] Well known config file 'RSACredentials': 'C:\Users\phadn\OneDrive\Desktop\node_js\devops_practise\node_aws_deploy\actions-runner\.credentials_rsaparams'
[2025-07-30 05:22:24Z INFO RSAEncryptedFileKeyManager] Creating new RSA key using 2048-bit key length
[2025-07-30 05:22:24Z INFO RSAEncryptedFileKeyManager] Successfully saved RSA key parameters to file C:\Users\phadn\OneDrive\Desktop\node_js\devops_practise\node_aws_deploy\actions-runner\.credentials_rsaparams
[2025-07-30 05:22:24Z INFO CommandSettings] Arg 'runnergroup': ''
[2025-07-30 05:22:24Z INFO CommandSettings] Flag 'unattended': 'False'
[2025-07-30 05:22:24Z INFO PromptManager] ReadValue
[2025-07-30 05:22:24Z INFO Terminal] WRITE: Enter the name of the runner group to add this runner to: 
[2025-07-30 05:22:24Z INFO Terminal] WRITE: [press Enter for Default] 
[2025-07-30 05:22:24Z INFO Terminal] READ LINE
[2025-07-30 05:22:43Z INFO Terminal] Read value: ''
[2025-07-30 05:22:43Z INFO PromptManager] Falling back to the default: 'Default'
[2025-07-30 05:22:43Z INFO Terminal] WRITE LINE: 
[2025-07-30 05:22:43Z INFO ConfigurationManager] Found a self-hosted runner group with id 1 and name Default
[2025-07-30 05:22:43Z INFO CommandSettings] Flag 'disableupdate': 'False'
[2025-07-30 05:22:43Z INFO CommandSettings] Flag 'ephemeral': 'False'
[2025-07-30 05:22:43Z INFO CommandSettings] Arg 'name': ''
[2025-07-30 05:22:43Z INFO CommandSettings] Flag 'unattended': 'False'
[2025-07-30 05:22:43Z INFO PromptManager] ReadValue
[2025-07-30 05:22:43Z INFO Terminal] WRITE: Enter the name of runner: 
[2025-07-30 05:22:43Z INFO Terminal] WRITE: [press Enter for ANAND] 
[2025-07-30 05:22:43Z INFO Terminal] READ LINE
[2025-07-30 05:22:45Z INFO Terminal] Read value: ''
[2025-07-30 05:22:45Z INFO PromptManager] Falling back to the default: 'ANAND'
[2025-07-30 05:22:45Z INFO Terminal] WRITE LINE: 
[2025-07-30 05:22:45Z INFO CommandSettings] Arg 'labels': ''
[2025-07-30 05:22:45Z INFO CommandSettings] Flag 'unattended': 'False'
[2025-07-30 05:22:45Z INFO PromptManager] ReadValue
[2025-07-30 05:22:45Z INFO Terminal] WRITE: This runner will have the following labels: 'self-hosted', 'Windows', 'X64' 
Enter any additional labels (ex. label-1,label-2): 
[2025-07-30 05:22:45Z INFO Terminal] WRITE: [press Enter to skip] 
[2025-07-30 05:22:45Z INFO Terminal] READ LINE
[2025-07-30 05:22:53Z INFO Terminal] Read value: ''
[2025-07-30 05:22:53Z INFO Terminal] WRITE LINE: 
[2025-07-30 05:22:53Z INFO CommandSettings] Flag 'disableupdate': 'False'
[2025-07-30 05:22:53Z INFO CommandSettings] Flag 'no-default-labels': 'False'
[2025-07-30 05:22:54Z INFO CommandSettings] Flag 'disableupdate': 'False'
[2025-07-30 05:22:54Z INFO CommandSettings] Flag 'ephemeral': 'False'
[2025-07-30 05:22:54Z INFO ConfigurationStore] Saving OAuth credential @ C:\Users\phadn\OneDrive\Desktop\node_js\devops_practise\node_aws_deploy\actions-runner\.credentials
[2025-07-30 05:22:54Z INFO ConfigurationStore] Credentials Saved.
[2025-07-30 05:22:54Z INFO ConfigurationStore] HasCredentials()
[2025-07-30 05:22:54Z INFO ConfigurationStore] stored True
[2025-07-30 05:22:54Z INFO CredentialManager] GetCredentialProvider
[2025-07-30 05:22:54Z INFO CredentialManager] Creating type OAuth
[2025-07-30 05:22:54Z INFO CredentialManager] Creating credential type: OAuth
[2025-07-30 05:22:54Z INFO RSAEncryptedFileKeyManager] Loading RSA key parameters from file C:\Users\phadn\OneDrive\Desktop\node_js\devops_practise\node_aws_deploy\actions-runner\.credentials_rsaparams
[2025-07-30 05:22:54Z INFO RunnerServer] EstablishVssConnection
[2025-07-30 05:22:54Z INFO RunnerServer] Establish connection with 100 seconds timeout.
[2025-07-30 05:22:54Z INFO GitHubActionsService] Starting operation Location.GetConnectionData
[2025-07-30 05:22:54Z INFO RunnerServer] EstablishVssConnection
[2025-07-30 05:22:54Z INFO RunnerServer] Establish connection with 60 seconds timeout.
[2025-07-30 05:22:54Z INFO GitHubActionsService] Starting operation Location.GetConnectionData
[2025-07-30 05:22:54Z INFO RunnerServer] EstablishVssConnection
[2025-07-30 05:22:54Z INFO RunnerServer] Establish connection with 60 seconds timeout.
[2025-07-30 05:22:54Z INFO GitHubActionsService] Starting operation Location.GetConnectionData
[2025-07-30 05:22:54Z INFO GitHubActionsService] Finished operation Location.GetConnectionData
[2025-07-30 05:22:55Z INFO GitHubActionsService] Finished operation Location.GetConnectionData
[2025-07-30 05:22:55Z INFO GitHubActionsService] Finished operation Location.GetConnectionData
[2025-07-30 05:22:55Z INFO RSAEncryptedFileKeyManager] Loading RSA key parameters from file C:\Users\phadn\OneDrive\Desktop\node_js\devops_practise\node_aws_deploy\actions-runner\.credentials_rsaparams
[2025-07-30 05:22:55Z INFO RSAEncryptedFileKeyManager] Loading RSA key parameters from file C:\Users\phadn\OneDrive\Desktop\node_js\devops_practise\node_aws_deploy\actions-runner\.credentials_rsaparams
[2025-07-30 05:22:56Z INFO GitHubActionsService] AAD Correlation ID for this token request: Unknown
[2025-07-30 05:22:56Z INFO ConfigurationManager] Service enforced serverUrlV2: https://broker.actions.githubusercontent.com/
[2025-07-30 05:22:56Z INFO ConfigurationManager] Service enforced useV2Flow: True
[2025-07-30 05:22:56Z INFO CommandSettings] Arg 'work': ''
[2025-07-30 05:22:56Z INFO CommandSettings] Flag 'unattended': 'False'
[2025-07-30 05:22:56Z INFO PromptManager] ReadValue
[2025-07-30 05:22:56Z INFO Terminal] WRITE: Enter name of work folder: 
[2025-07-30 05:22:56Z INFO Terminal] WRITE: [press Enter for _work] 
[2025-07-30 05:22:56Z INFO Terminal] READ LINE
[2025-07-30 05:23:08Z INFO Terminal] Read value: ''
[2025-07-30 05:23:08Z INFO PromptManager] Falling back to the default: '_work'
[2025-07-30 05:23:08Z INFO ConfigurationStore] Saving runner settings.
[2025-07-30 05:23:08Z INFO ConfigurationStore] Settings Saved.
[2025-07-30 05:23:08Z INFO Terminal] WRITE LINE: 
[2025-07-30 05:23:08Z INFO Terminal] WRITE LINE: 
[2025-07-30 05:23:08Z INFO CommandSettings] Flag 'runasservice': 'False'
[2025-07-30 05:23:08Z INFO CommandSettings] Flag 'unattended': 'False'
[2025-07-30 05:23:08Z INFO PromptManager] ReadValue
[2025-07-30 05:23:08Z INFO Terminal] WRITE: Would you like to run the runner as service? (Y/N) 
[2025-07-30 05:23:08Z INFO Terminal] WRITE: [press Enter for N] 
[2025-07-30 05:23:08Z INFO Terminal] READ LINE
[2025-07-30 05:23:12Z INFO Terminal] Read value: 'Y'
[2025-07-30 05:23:12Z INFO ConfigurationManager] Configuring to run the agent as service
[2025-07-30 05:23:12Z INFO CommandSettings] Arg 'windowslogonaccount': ''
[2025-07-30 05:23:12Z INFO CommandSettings] Flag 'unattended': 'False'
[2025-07-30 05:23:12Z INFO PromptManager] ReadValue
[2025-07-30 05:23:12Z INFO Terminal] WRITE: User account to use for the service 
[2025-07-30 05:23:12Z INFO Terminal] WRITE: [press Enter for NT AUTHORITY\NETWORK SERVICE] 
[2025-07-30 05:23:12Z INFO Terminal] READ LINE
[2025-07-30 05:23:18Z INFO Terminal] Read value: ''
[2025-07-30 05:23:18Z INFO PromptManager] Falling back to the default: 'NT AUTHORITY\NETWORK SERVICE'
[2025-07-30 05:23:18Z INFO WindowsServiceControlManager] LogonAccount after transforming: NT AUTHORITY\NETWORK SERVICE, user: NETWORK SERVICE, domain: NT AUTHORITY
[2025-07-30 05:23:18Z INFO WindowsServiceControlManager] Service name 'actions.runner.phadnisanand-devops_practise.ANAND' display name 'GitHub Actions Runner (phadnisanand-devops_practise.ANAND)' will be used for service configuration.
[2025-07-30 05:23:18Z INFO WindowsServiceControlManager] Verifying if the account has LogonAsService permission
[2025-07-30 05:23:18Z INFO NativeWindowsServiceHelper] Successfully grant logon as service privilege to account 'NETWORK SERVICE'
[2025-07-30 05:23:18Z INFO WindowsServiceControlManager] Create local group and grant folder permission to service logon account.
[2025-07-30 05:23:18Z INFO HostContext] Well known directory 'Bin': 'C:\Users\phadn\OneDrive\Desktop\node_js\devops_practise\node_aws_deploy\actions-runner\bin'
[2025-07-30 05:23:18Z INFO HostContext] Well known directory 'Root': 'C:\Users\phadn\OneDrive\Desktop\node_js\devops_practise\node_aws_deploy\actions-runner'
[2025-07-30 05:23:18Z INFO ConfigurationStore] Read setting file: 396 chars
[2025-07-30 05:23:18Z INFO HostContext] Well known directory 'Bin': 'C:\Users\phadn\OneDrive\Desktop\node_js\devops_practise\node_aws_deploy\actions-runner\bin'
[2025-07-30 05:23:18Z INFO HostContext] Well known directory 'Root': 'C:\Users\phadn\OneDrive\Desktop\node_js\devops_practise\node_aws_deploy\actions-runner'
[2025-07-30 05:23:18Z INFO HostContext] Well known directory 'Work': 'C:\Users\phadn\OneDrive\Desktop\node_js\devops_practise\node_aws_deploy\actions-runner\_work'
[2025-07-30 05:23:18Z INFO HostContext] Well known directory 'Bin': 'C:\Users\phadn\OneDrive\Desktop\node_js\devops_practise\node_aws_deploy\actions-runner\bin'
[2025-07-30 05:23:18Z INFO NativeWindowsServiceHelper] Calculated unique group name GITHUB_ActionsRunner_G34711
[2025-07-30 05:23:18Z INFO NativeWindowsServiceHelper] Trying to create group GITHUB_ActionsRunner_G34711
[2025-07-30 05:23:18Z INFO NativeWindowsServiceHelper] Local Group 'GITHUB_ActionsRunner_G34711' created
[2025-07-30 05:23:18Z INFO NativeWindowsServiceHelper] Trying to add userName NT AUTHORITY\NETWORK SERVICE to the group GITHUB_ActionsRunner_G34711
[2025-07-30 05:23:18Z INFO NativeWindowsServiceHelper] Account 'NT AUTHORITY\NETWORK SERVICE' is added to local group 'GITHUB_ActionsRunner_G34711'.
[2025-07-30 05:23:18Z INFO NativeWindowsServiceHelper] Set full access control to group for the folder C:\Users\phadn\OneDrive\Desktop\node_js\devops_practise\node_aws_deploy\actions-runner
[2025-07-30 05:23:18Z INFO NativeWindowsServiceHelper] Set full access control to group for the folder C:\Users\phadn\OneDrive\Desktop\node_js\devops_practise\node_aws_deploy\actions-runner\_work
[2025-07-30 05:23:18Z INFO NativeWindowsServiceHelper] Local group 'GITHUB_ActionsRunner_G34711' already has full control to path 'C:\Users\phadn\OneDrive\Desktop\node_js\devops_practise\node_aws_deploy\actions-runner\_work'.
[2025-07-30 05:23:18Z INFO Terminal] WRITE LINE: Granting file permissions to 'NT AUTHORITY\NETWORK SERVICE'.
[2025-07-30 05:23:18Z INFO HostContext] Well known directory 'Bin': 'C:\Users\phadn\OneDrive\Desktop\node_js\devops_practise\node_aws_deploy\actions-runner\bin'
[2025-07-30 05:23:18Z INFO ProcessInvokerWrapper] Starting process:
[2025-07-30 05:23:18Z INFO ProcessInvokerWrapper]   File name: '"C:\Users\phadn\OneDrive\Desktop\node_js\devops_practise\node_aws_deploy\actions-runner\bin\RunnerService.exe"'
[2025-07-30 05:23:18Z INFO ProcessInvokerWrapper]   Arguments: 'init'
[2025-07-30 05:23:18Z INFO ProcessInvokerWrapper]   Working directory: ''
[2025-07-30 05:23:18Z INFO ProcessInvokerWrapper]   Require exit code zero: 'True'
[2025-07-30 05:23:18Z INFO ProcessInvokerWrapper]   Encoding web name:  ; code page: ''
[2025-07-30 05:23:18Z INFO ProcessInvokerWrapper]   Force kill process on cancellation: 'False'
[2025-07-30 05:23:18Z INFO ProcessInvokerWrapper]   Redirected STDIN: 'False'
[2025-07-30 05:23:18Z INFO ProcessInvokerWrapper]   Persist current code page: 'False'
[2025-07-30 05:23:18Z INFO ProcessInvokerWrapper]   Keep redirected STDIN open: 'False'
[2025-07-30 05:23:18Z INFO ProcessInvokerWrapper]   High priority process: 'False'
[2025-07-30 05:23:18Z INFO ProcessInvokerWrapper] Process started with process id 1860, waiting for process exit.
[2025-07-30 05:23:18Z INFO ProcessInvokerWrapper] STDOUT/STDERR stream read finished.
[2025-07-30 05:23:18Z INFO ProcessInvokerWrapper] STDOUT/STDERR stream read finished.
[2025-07-30 05:23:18Z INFO ProcessInvokerWrapper] Finished process 1860 with exit code 0, and elapsed time 00:00:00.0871197.
[2025-07-30 05:23:18Z INFO Terminal] WRITE LINE: Service actions.runner.phadnisanand-devops_practise.ANAND successfully installed
[2025-07-30 05:23:18Z INFO Terminal] WRITE LINE: Service actions.runner.phadnisanand-devops_practise.ANAND successfully set recovery option
[2025-07-30 05:23:18Z INFO Terminal] WRITE LINE: Service actions.runner.phadnisanand-devops_practise.ANAND successfully set to delayed auto start
[2025-07-30 05:23:18Z INFO Terminal] WRITE LINE: Service actions.runner.phadnisanand-devops_practise.ANAND successfully configured
[2025-07-30 05:23:18Z INFO HostContext] Well known directory 'Bin': 'C:\Users\phadn\OneDrive\Desktop\node_js\devops_practise\node_aws_deploy\actions-runner\bin'
[2025-07-30 05:23:18Z INFO HostContext] Well known directory 'Root': 'C:\Users\phadn\OneDrive\Desktop\node_js\devops_practise\node_aws_deploy\actions-runner'
[2025-07-30 05:23:18Z INFO HostContext] Well known config file 'Service': 'C:\Users\phadn\OneDrive\Desktop\node_js\devops_practise\node_aws_deploy\actions-runner\.service'
[2025-07-30 05:23:18Z INFO WindowsServiceControlManager] Configuration was successful, trying to start the service
[2025-07-30 05:23:18Z INFO Terminal] WRITE LINE: Waiting for service to start...
[2025-07-30 05:24:19Z ERR  NativeWindowsServiceHelper] System.InvalidOperationException: Cannot start the service actions.runner.phadnisanand-devops_practise.ANAND in a timely fashion.
   at GitHub.Runner.Listener.Configuration.NativeWindowsServiceHelper.StartService(String serviceName)
[2025-07-30 05:24:19Z ERR  Terminal] WRITE ERROR: Cannot start the service. Check the logs for more details.
[2025-07-30 05:24:19Z ERR  Runner] System.InvalidOperationException: Cannot start the service actions.runner.phadnisanand-devops_practise.ANAND in a timely fashion.
   at GitHub.Runner.Listener.Configuration.NativeWindowsServiceHelper.StartService(String serviceName)
   at GitHub.Runner.Listener.Configuration.WindowsServiceControlManager.ConfigureService(RunnerSettings settings, CommandSettings command)
   at GitHub.Runner.Listener.Configuration.ConfigurationManager.ConfigureAsync(CommandSettings command)
   at GitHub.Runner.Listener.Runner.ExecuteCommand(CommandSettings command)
[2025-07-30 05:24:19Z ERR  Terminal] WRITE ERROR: Cannot start the service actions.runner.phadnisanand-devops_practise.ANAND in a timely fashion.
[2025-07-30 05:24:19Z INFO Listener] Runner execution has finished with return code 1
