[2025-07-30 05:21:46Z INFO HostContext] No proxy settings were found based on environmental variables (http_proxy/https_proxy/HTTP_PROXY/HTTPS_PROXY)
[2025-07-30 05:21:46Z INFO HostContext] Well known directory 'Bin': 'C:\Users\phadn\OneDrive\Desktop\node_js\devops_practise\node_aws_deploy\actions-runner\bin'
[2025-07-30 05:21:46Z INFO HostContext] Well known directory 'Root': 'C:\Users\phadn\OneDrive\Desktop\node_js\devops_practise\node_aws_deploy\actions-runner'
[2025-07-30 05:21:46Z INFO HostContext] Well known config file 'Credentials': 'C:\Users\phadn\OneDrive\Desktop\node_js\devops_practise\node_aws_deploy\actions-runner\.credentials'
[2025-07-30 05:21:46Z INFO HostContext] Well known directory 'Bin': 'C:\Users\phadn\OneDrive\Desktop\node_js\devops_practise\node_aws_deploy\actions-runner\bin'
[2025-07-30 05:21:46Z INFO HostContext] Well known directory 'Root': 'C:\Users\phadn\OneDrive\Desktop\node_js\devops_practise\node_aws_deploy\actions-runner'
[2025-07-30 05:21:46Z INFO HostContext] Well known config file 'Runner': 'C:\Users\phadn\OneDrive\Desktop\node_js\devops_practise\node_aws_deploy\actions-runner\.runner'
[2025-07-30 05:21:46Z INFO Listener] Runner is built for Windows (X64) - win-x64.
[2025-07-30 05:21:46Z INFO Listener] RuntimeInformation: Microsoft Windows 10.0.26100.
[2025-07-30 05:21:46Z INFO Listener] Version: 2.326.0
[2025-07-30 05:21:46Z INFO Listener] Commit: de0233c4d64676d8ebd16074221ae1e0e0bf2a13
[2025-07-30 05:21:46Z INFO Listener] Culture: en-IN
[2025-07-30 05:21:46Z INFO Listener] UI Culture: en-US
[2025-07-30 05:21:46Z INFO HostContext] Well known directory 'Bin': 'C:\Users\phadn\OneDrive\Desktop\node_js\devops_practise\node_aws_deploy\actions-runner\bin'
[2025-07-30 05:21:46Z INFO HostContext] Well known directory 'Root': 'C:\Users\phadn\OneDrive\Desktop\node_js\devops_practise\node_aws_deploy\actions-runner'
[2025-07-30 05:21:46Z INFO Listener] Validating directory permissions for: 'C:\Users\phadn\OneDrive\Desktop\node_js\devops_practise\node_aws_deploy\actions-runner'
[2025-07-30 05:21:46Z INFO CommandLineParser] Parse
[2025-07-30 05:21:46Z INFO CommandLineParser] Parsing 1 args
[2025-07-30 05:21:46Z INFO CommandLineParser] parsing argument
[2025-07-30 05:21:46Z INFO CommandLineParser] HasArgs: False
[2025-07-30 05:21:46Z INFO CommandLineParser] Adding Command: remove
[2025-07-30 05:21:46Z INFO Listener] Arguments parsed
[2025-07-30 05:21:46Z INFO Runner] ExecuteCommand
[2025-07-30 05:21:46Z INFO ConfigurationStore] currentAssemblyLocation: C:\Users\phadn\OneDrive\Desktop\node_js\devops_practise\node_aws_deploy\actions-runner\bin\Runner.Listener.dll
[2025-07-30 05:21:46Z INFO HostContext] Well known directory 'Bin': 'C:\Users\phadn\OneDrive\Desktop\node_js\devops_practise\node_aws_deploy\actions-runner\bin'
[2025-07-30 05:21:46Z INFO ConfigurationStore] binPath: C:\Users\phadn\OneDrive\Desktop\node_js\devops_practise\node_aws_deploy\actions-runner\bin
[2025-07-30 05:21:46Z INFO HostContext] Well known directory 'Bin': 'C:\Users\phadn\OneDrive\Desktop\node_js\devops_practise\node_aws_deploy\actions-runner\bin'
[2025-07-30 05:21:46Z INFO HostContext] Well known directory 'Root': 'C:\Users\phadn\OneDrive\Desktop\node_js\devops_practise\node_aws_deploy\actions-runner'
[2025-07-30 05:21:46Z INFO ConfigurationStore] RootFolder: C:\Users\phadn\OneDrive\Desktop\node_js\devops_practise\node_aws_deploy\actions-runner
[2025-07-30 05:21:46Z INFO HostContext] Well known directory 'Bin': 'C:\Users\phadn\OneDrive\Desktop\node_js\devops_practise\node_aws_deploy\actions-runner\bin'
[2025-07-30 05:21:46Z INFO HostContext] Well known directory 'Root': 'C:\Users\phadn\OneDrive\Desktop\node_js\devops_practise\node_aws_deploy\actions-runner'
[2025-07-30 05:21:46Z INFO HostContext] Well known config file 'Runner': 'C:\Users\phadn\OneDrive\Desktop\node_js\devops_practise\node_aws_deploy\actions-runner\.runner'
[2025-07-30 05:21:46Z INFO ConfigurationStore] ConfigFilePath: C:\Users\phadn\OneDrive\Desktop\node_js\devops_practise\node_aws_deploy\actions-runner\.runner
[2025-07-30 05:21:46Z INFO HostContext] Well known directory 'Bin': 'C:\Users\phadn\OneDrive\Desktop\node_js\devops_practise\node_aws_deploy\actions-runner\bin'
[2025-07-30 05:21:46Z INFO HostContext] Well known directory 'Root': 'C:\Users\phadn\OneDrive\Desktop\node_js\devops_practise\node_aws_deploy\actions-runner'
[2025-07-30 05:21:46Z INFO HostContext] Well known config file 'MigratedRunner': 'C:\Users\phadn\OneDrive\Desktop\node_js\devops_practise\node_aws_deploy\actions-runner\.runner_migrated'
[2025-07-30 05:21:46Z INFO ConfigurationStore] MigratedConfigFilePath: C:\Users\phadn\OneDrive\Desktop\node_js\devops_practise\node_aws_deploy\actions-runner\.runner_migrated
[2025-07-30 05:21:46Z INFO HostContext] Well known directory 'Bin': 'C:\Users\phadn\OneDrive\Desktop\node_js\devops_practise\node_aws_deploy\actions-runner\bin'
[2025-07-30 05:21:46Z INFO HostContext] Well known directory 'Root': 'C:\Users\phadn\OneDrive\Desktop\node_js\devops_practise\node_aws_deploy\actions-runner'
[2025-07-30 05:21:46Z INFO HostContext] Well known config file 'Credentials': 'C:\Users\phadn\OneDrive\Desktop\node_js\devops_practise\node_aws_deploy\actions-runner\.credentials'
[2025-07-30 05:21:46Z INFO ConfigurationStore] CredFilePath: C:\Users\phadn\OneDrive\Desktop\node_js\devops_practise\node_aws_deploy\actions-runner\.credentials
[2025-07-30 05:21:46Z INFO HostContext] Well known directory 'Bin': 'C:\Users\phadn\OneDrive\Desktop\node_js\devops_practise\node_aws_deploy\actions-runner\bin'
[2025-07-30 05:21:46Z INFO HostContext] Well known directory 'Root': 'C:\Users\phadn\OneDrive\Desktop\node_js\devops_practise\node_aws_deploy\actions-runner'
[2025-07-30 05:21:46Z INFO HostContext] Well known config file 'MigratedCredentials': 'C:\Users\phadn\OneDrive\Desktop\node_js\devops_practise\node_aws_deploy\actions-runner\.credentials_migrated'
[2025-07-30 05:21:46Z INFO ConfigurationStore] MigratedCredFilePath: C:\Users\phadn\OneDrive\Desktop\node_js\devops_practise\node_aws_deploy\actions-runner\.credentials_migrated
[2025-07-30 05:21:46Z INFO HostContext] Well known directory 'Bin': 'C:\Users\phadn\OneDrive\Desktop\node_js\devops_practise\node_aws_deploy\actions-runner\bin'
[2025-07-30 05:21:46Z INFO HostContext] Well known directory 'Root': 'C:\Users\phadn\OneDrive\Desktop\node_js\devops_practise\node_aws_deploy\actions-runner'
[2025-07-30 05:21:46Z INFO HostContext] Well known config file 'Service': 'C:\Users\phadn\OneDrive\Desktop\node_js\devops_practise\node_aws_deploy\actions-runner\.service'
[2025-07-30 05:21:46Z INFO ConfigurationStore] ServiceConfigFilePath: C:\Users\phadn\OneDrive\Desktop\node_js\devops_practise\node_aws_deploy\actions-runner\.service
[2025-07-30 05:21:46Z INFO CommandSettings] Flag 'help': 'False'
[2025-07-30 05:21:46Z INFO CommandSettings] Flag 'version': 'False'
[2025-07-30 05:21:46Z INFO CommandSettings] Flag 'commit': 'False'
[2025-07-30 05:21:46Z INFO CommandSettings] Flag 'check': 'False'
[2025-07-30 05:21:46Z INFO CommandSettings] Command 'configure': 'False'
[2025-07-30 05:21:46Z INFO CommandSettings] Command 'remove': 'True'
[2025-07-30 05:21:46Z INFO CommandSettings] Flag 'local': 'False'
[2025-07-30 05:21:46Z INFO ConfigurationStore] IsServiceConfigured()
[2025-07-30 05:21:46Z INFO ConfigurationStore] IsServiceConfigured: False
[2025-07-30 05:21:46Z INFO ConfigurationStore] IsConfigured()
[2025-07-30 05:21:46Z INFO ConfigurationStore] IsConfigured: True
[2025-07-30 05:21:46Z INFO ConfigurationStore] HasCredentials()
[2025-07-30 05:21:46Z INFO ConfigurationStore] stored True
[2025-07-30 05:21:46Z INFO ConfigurationStore] Read setting file: 396 chars
[2025-07-30 05:21:46Z INFO CommandSettings] Arg 'token': ''
[2025-07-30 05:21:46Z INFO CommandSettings] Flag 'unattended': 'False'
[2025-07-30 05:21:46Z INFO PromptManager] ReadValue
[2025-07-30 05:21:46Z INFO Terminal] WRITE: Enter runner remove token: 
[2025-07-30 05:21:46Z INFO Terminal] READ SECRET
[2025-07-30 05:21:54Z INFO Terminal] Read value: ''
[2025-07-30 05:21:54Z INFO Terminal] WRITE: Enter runner remove token: 
[2025-07-30 05:21:54Z INFO Terminal] READ SECRET
[2025-07-30 05:21:55Z INFO Terminal] Read value: ''
[2025-07-30 05:21:55Z INFO Terminal] WRITE: Enter runner remove token: 
[2025-07-30 05:21:55Z INFO Terminal] READ SECRET
[2025-07-30 05:22:11Z INFO Terminal] Read value: '***'
[2025-07-30 05:22:11Z INFO ConfigurationManager] Http response code: OK from 'POST https://api.github.com/actions/runner-registration' (C491:90065:288EA7:372CDB:6889AC03)
[2025-07-30 05:22:11Z INFO ConfigurationManager] cred retrieved via GitHub auth
[2025-07-30 05:22:11Z INFO RunnerServer] EstablishVssConnection
[2025-07-30 05:22:11Z INFO RunnerServer] Establish connection with 100 seconds timeout.
[2025-07-30 05:22:11Z INFO GitHubActionsService] Starting operation Location.GetConnectionData
[2025-07-30 05:22:11Z INFO RunnerServer] EstablishVssConnection
[2025-07-30 05:22:11Z INFO RunnerServer] Establish connection with 60 seconds timeout.
[2025-07-30 05:22:11Z INFO GitHubActionsService] Starting operation Location.GetConnectionData
[2025-07-30 05:22:11Z INFO RunnerServer] EstablishVssConnection
[2025-07-30 05:22:11Z INFO RunnerServer] Establish connection with 60 seconds timeout.
[2025-07-30 05:22:11Z INFO GitHubActionsService] Starting operation Location.GetConnectionData
[2025-07-30 05:22:12Z INFO GitHubActionsService] Finished operation Location.GetConnectionData
[2025-07-30 05:22:12Z INFO GitHubActionsService] Finished operation Location.GetConnectionData
[2025-07-30 05:22:12Z INFO GitHubActionsService] Finished operation Location.GetConnectionData
[2025-07-30 05:22:13Z INFO Terminal] WRITE LINE: 
[2025-07-30 05:22:13Z INFO ConfigurationStore] IsConfigured()
[2025-07-30 05:22:13Z INFO ConfigurationStore] IsConfigured: True
[2025-07-30 05:22:13Z INFO ConfigurationStore] HasCredentials()
[2025-07-30 05:22:13Z INFO ConfigurationStore] stored True
[2025-07-30 05:22:13Z INFO HostContext] Well known directory 'Bin': 'C:\Users\phadn\OneDrive\Desktop\node_js\devops_practise\node_aws_deploy\actions-runner\bin'
[2025-07-30 05:22:13Z INFO HostContext] Well known directory 'Root': 'C:\Users\phadn\OneDrive\Desktop\node_js\devops_practise\node_aws_deploy\actions-runner'
[2025-07-30 05:22:13Z INFO HostContext] Well known config file 'RSACredentials': 'C:\Users\phadn\OneDrive\Desktop\node_js\devops_practise\node_aws_deploy\actions-runner\.credentials_rsaparams'
[2025-07-30 05:22:13Z INFO RSAEncryptedFileKeyManager] Deleting RSA key parameters file C:\Users\phadn\OneDrive\Desktop\node_js\devops_practise\node_aws_deploy\actions-runner\.credentials_rsaparams
[2025-07-30 05:22:13Z INFO Terminal] WRITE LINE: 
[2025-07-30 05:22:13Z INFO Listener] Runner execution has finished with return code 0
